<?xml version="1.0" encoding="UTF-8"?>
<testng-results ignored="0" total="7" passed="7" failed="0" skipped="0">
  <reporter-output>
  </reporter-output>
  <suite started-at="2022-05-16T10:01:18 EEST" name="All Test Suite" finished-at="2022-05-16T10:04:53 EEST" duration-ms="214864">
    <groups>
    </groups>
    <test started-at="2022-05-16T10:01:18 EEST" name="C:/Users/roxana.bogdan/Desktop/Project" finished-at="2022-05-16T10:04:53 EEST" duration-ms="214864">
      <class name="testCases.FacturasPageTests">
        <test-method is-config="true" signature="setUp()[pri:0, instance:testCases.FacturasPageTests@703580bf]" started-at="2022-05-16T10:01:18 EEST" name="setUp" finished-at="2022-05-16T10:01:22 EEST" duration-ms="4242" status="PASS">
          <reporter-output>
          </reporter-output>
        </test-method> <!-- setUp -->
        <test-method signature="searchByInvoiceNumber()[pri:0, instance:testCases.FacturasPageTests@703580bf]" started-at="2022-05-16T10:01:22 EEST" name="searchByInvoiceNumber" finished-at="2022-05-16T10:01:46 EEST" duration-ms="23291" status="PASS">
          <reporter-output>
          </reporter-output>
        </test-method> <!-- searchByInvoiceNumber -->
        <test-method is-config="true" signature="tearDown()[pri:0, instance:testCases.FacturasPageTests@703580bf]" started-at="2022-05-16T10:01:46 EEST" name="tearDown" finished-at="2022-05-16T10:01:46 EEST" duration-ms="308" status="PASS">
          <reporter-output>
          </reporter-output>
        </test-method> <!-- tearDown -->
        <test-method is-config="true" signature="setUp()[pri:0, instance:testCases.FacturasPageTests@703580bf]" started-at="2022-05-16T10:01:46 EEST" name="setUp" finished-at="2022-05-16T10:01:51 EEST" duration-ms="4492" status="PASS">
          <reporter-output>
          </reporter-output>
        </test-method> <!-- setUp -->
        <test-method signature="selectMultipleInvoceis()[pri:0, instance:testCases.FacturasPageTests@703580bf]" started-at="2022-05-16T10:01:51 EEST" name="selectMultipleInvoceis" finished-at="2022-05-16T10:02:17 EEST" duration-ms="26622" status="PASS">
          <reporter-output>
          </reporter-output>
        </test-method> <!-- selectMultipleInvoceis -->
        <test-method is-config="true" signature="tearDown()[pri:0, instance:testCases.FacturasPageTests@703580bf]" started-at="2022-05-16T10:02:17 EEST" name="tearDown" finished-at="2022-05-16T10:02:17 EEST" duration-ms="313" status="PASS">
          <reporter-output>
          </reporter-output>
        </test-method> <!-- tearDown -->
        <test-method is-config="true" signature="setUp()[pri:0, instance:testCases.FacturasPageTests@703580bf]" started-at="2022-05-16T10:02:17 EEST" name="setUp" finished-at="2022-05-16T10:02:21 EEST" duration-ms="3818" status="PASS">
          <reporter-output>
          </reporter-output>
        </test-method> <!-- setUp -->
        <test-method signature="searchByDate()[pri:0, instance:testCases.FacturasPageTests@703580bf]" started-at="2022-05-16T10:02:21 EEST" name="searchByDate" finished-at="2022-05-16T10:03:33 EEST" duration-ms="71330" status="PASS">
          <reporter-output>
          </reporter-output>
        </test-method> <!-- searchByDate -->
        <test-method is-config="true" signature="tearDown()[pri:0, instance:testCases.FacturasPageTests@703580bf]" started-at="2022-05-16T10:03:33 EEST" name="tearDown" finished-at="2022-05-16T10:03:33 EEST" duration-ms="313" status="PASS">
          <reporter-output>
          </reporter-output>
        </test-method> <!-- tearDown -->
      </class> <!-- testCases.FacturasPageTests -->
      <class name="testCases.AjustesPageTests">
        <test-method is-config="true" signature="setUp()[pri:0, instance:testCases.AjustesPageTests@41e36e46]" started-at="2022-05-16T10:04:16 EEST" name="setUp" finished-at="2022-05-16T10:04:20 EEST" duration-ms="3998" status="PASS">
          <reporter-output>
          </reporter-output>
        </test-method> <!-- setUp -->
        <test-method signature="checkSaveButton()[pri:0, instance:testCases.AjustesPageTests@41e36e46]" started-at="2022-05-16T10:04:20 EEST" name="checkSaveButton" finished-at="2022-05-16T10:04:34 EEST" duration-ms="14407" status="PASS">
          <reporter-output>
          </reporter-output>
        </test-method> <!-- checkSaveButton -->
        <test-method is-config="true" signature="tearDown()[pri:0, instance:testCases.AjustesPageTests@41e36e46]" started-at="2022-05-16T10:04:34 EEST" name="tearDown" finished-at="2022-05-16T10:04:34 EEST" duration-ms="277" status="PASS">
          <reporter-output>
          </reporter-output>
        </test-method> <!-- tearDown -->
        <test-method is-config="true" signature="setUp()[pri:0, instance:testCases.AjustesPageTests@41e36e46]" started-at="2022-05-16T10:04:34 EEST" name="setUp" finished-at="2022-05-16T10:04:39 EEST" duration-ms="4602" status="PASS">
          <reporter-output>
          </reporter-output>
        </test-method> <!-- setUp -->
        <test-method signature="checkCancelButton()[pri:0, instance:testCases.AjustesPageTests@41e36e46]" started-at="2022-05-16T10:04:39 EEST" name="checkCancelButton" finished-at="2022-05-16T10:04:53 EEST" duration-ms="13728" status="PASS">
          <reporter-output>
          </reporter-output>
        </test-method> <!-- checkCancelButton -->
        <test-method is-config="true" signature="tearDown()[pri:0, instance:testCases.AjustesPageTests@41e36e46]" started-at="2022-05-16T10:04:53 EEST" name="tearDown" finished-at="2022-05-16T10:04:53 EEST" duration-ms="299" status="PASS">
          <reporter-output>
          </reporter-output>
        </test-method> <!-- tearDown -->
      </class> <!-- testCases.AjustesPageTests -->
      <class name="testCases.ResumenPageTests">
        <test-method is-config="true" signature="setUp()[pri:0, instance:testCases.ResumenPageTests@76508ed1]" started-at="2022-05-16T10:03:33 EEST" name="setUp" finished-at="2022-05-16T10:03:38 EEST" duration-ms="5225" status="PASS">
          <reporter-output>
          </reporter-output>
        </test-method> <!-- setUp -->
        <test-method signature="downloadButtonNotAvailable()[pri:0, instance:testCases.ResumenPageTests@76508ed1]" started-at="2022-05-16T10:03:38 EEST" name="downloadButtonNotAvailable" finished-at="2022-05-16T10:03:53 EEST" duration-ms="14997" status="PASS">
          <reporter-output>
          </reporter-output>
        </test-method> <!-- downloadButtonNotAvailable -->
        <test-method is-config="true" signature="tearDown()[pri:0, instance:testCases.ResumenPageTests@76508ed1]" started-at="2022-05-16T10:03:53 EEST" name="tearDown" finished-at="2022-05-16T10:03:53 EEST" duration-ms="289" status="PASS">
          <reporter-output>
          </reporter-output>
        </test-method> <!-- tearDown -->
        <test-method is-config="true" signature="setUp()[pri:0, instance:testCases.ResumenPageTests@76508ed1]" started-at="2022-05-16T10:03:53 EEST" name="setUp" finished-at="2022-05-16T10:03:57 EEST" duration-ms="3798" status="PASS">
          <reporter-output>
          </reporter-output>
        </test-method> <!-- setUp -->
        <test-method signature="downloadButtonAvailable()[pri:0, instance:testCases.ResumenPageTests@76508ed1]" started-at="2022-05-16T10:03:57 EEST" name="downloadButtonAvailable" finished-at="2022-05-16T10:04:15 EEST" duration-ms="18195" status="PASS">
          <reporter-output>
          </reporter-output>
        </test-method> <!-- downloadButtonAvailable -->
        <test-method is-config="true" signature="tearDown()[pri:0, instance:testCases.ResumenPageTests@76508ed1]" started-at="2022-05-16T10:04:15 EEST" name="tearDown" finished-at="2022-05-16T10:04:16 EEST" duration-ms="290" status="PASS">
          <reporter-output>
          </reporter-output>
        </test-method> <!-- tearDown -->
      </class> <!-- testCases.ResumenPageTests -->
    </test> <!-- C:/Users/roxana.bogdan/Desktop/Project -->
  </suite> <!-- All Test Suite -->
</testng-results>
