<?xml version="1.0" encoding="UTF-8"?>
<testsuite xmlns:xsi="http://www.w3.org/2001/XMLSchema-instance" xsi:noNamespaceSchemaLocation="https://maven.apache.org/surefire/maven-surefire-plugin/xsd/surefire-test-report-3.0.xsd" version="3.0" name="TestSuite" time="222.133" tests="7" errors="0" skipped="0" failures="0">
  <properties>
[...]
</properties>
  <testcase name="searchByInvoiceNumber" classname="testCases.FacturasPageTests" time="23.733">
    <system-out><![CDATA[- waiting for element : Shadow Element
- waiting for element : Shadow Element : to be clickable
- moving to element : Shadow Element
- clicking element : Shadow Element
- waiting fot element : UserName Field : to be visible
- sending keys : 'ametro4u+esX11@gmail.com' : to Username Field
- sending keys : 'ametro4u+esX11@gmail.com' : to Username Field
- sending keys : 'Test123!' : to Password Field
- sending keys : 'Test123!' : to Password Field
- waiting for element : Login Button : to be clickable
- waiting for element : Login Button
- waiting for element : Login Button : to be clickable
- moving to element : Login Button
- clicking element : Login Button
- waiting fot element : Search Field : to be visible
- sending keys : '053001' : to Search Field
- sending keys : '053001' : to Search Field
- waiting for element : Search Button : to be clickable
- waiting for element : Search Button
- waiting for element : Search Button : to be clickable
- moving to element : Search Button
- clicking element : Search Button
- waiting for element : Open Invoice : to be clickable
- waiting for element : Open Invoice
- waiting for element : Open Invoice : to be clickable
- moving to element : Open Invoice
- clicking element : Open Invoice
]]></system-out>
    <system-err><![CDATA[[main] INFO org.testng.internal.Utils - [Utils] MethodGroupsHelper.collectMethodsByGroup() took 0 ms.
[main] INFO org.testng.internal.Utils - [Utils] MethodGroupsHelper.sortMethods() took 1 ms.
[main] INFO org.testng.internal.Utils - [Utils] MethodGroupsHelper.collectMethodsByGroup() took 0 ms.
[main] INFO org.testng.internal.Utils - [Utils] MethodGroupsHelper.sortMethods() took 0 ms.
[main] INFO org.testng.internal.Utils - [Utils] MethodGroupsHelper.collectMethodsByGroup() took 0 ms.
[main] INFO org.testng.internal.Utils - [Utils] MethodGroupsHelper.sortMethods() took 0 ms.
[main] INFO org.testng.internal.Utils - [Utils] MethodGroupsHelper.collectMethodsByGroup() took 0 ms.
[main] INFO org.testng.internal.Utils - [Utils] MethodGroupsHelper.sortMethods() took 0 ms.
[main] INFO org.testng.internal.Utils - [Utils] MethodGroupsHelper.collectMethodsByGroup() took 0 ms.
[main] INFO org.testng.internal.Utils - [Utils] MethodGroupsHelper.sortMethods() took 0 ms.
[main] INFO org.testng.internal.Utils - [Utils] MethodGroupsHelper.collectMethodsByGroup() took 0 ms.
[main] INFO org.testng.internal.Utils - [Utils] MethodGroupsHelper.sortMethods() took 0 ms.
[main] INFO org.testng.internal.Utils - [Utils] MethodGroupsHelper.collectMethodsByGroup() took 0 ms.
[main] INFO org.testng.internal.Utils - [Utils] MethodGroupsHelper.sortMethods() took 0 ms.
[main] INFO org.testng.internal.Utils - [Utils] MethodGroupsHelper.collectMethodsByGroup() took 0 ms.
[main] INFO org.testng.internal.Utils - [Utils] MethodGroupsHelper.sortMethods() took 0 ms.
[main] INFO org.testng.internal.Utils - [Utils] MethodGroupsHelper.collectMethodsByGroup() took 1 ms.
[main] INFO org.testng.internal.Utils - [Utils] MethodGroupsHelper.sortMethods() took 2 ms.
[main] INFO org.testng.internal.Utils - [Utils] MethodGroupsHelper.collectMethodsByGroup() took 0 ms.
[main] INFO org.testng.internal.Utils - [Utils] MethodGroupsHelper.sortMethods() took 0 ms.
[main] INFO org.testng.internal.Utils - [Utils] MethodGroupsHelper.collectMethodsByGroup() took 0 ms.
[main] INFO org.testng.internal.Utils - [Utils] MethodGroupsHelper.sortMethods() took 0 ms.
[main] INFO org.testng.internal.Utils - [Utils] MethodGroupsHelper.collectMethodsByGroup() took 0 ms.
[main] INFO org.testng.internal.Utils - [Utils] MethodGroupsHelper.sortMethods() took 0 ms.
[main] INFO org.testng.internal.Utils - [Utils] MethodGroupsHelper.collectMethodsByGroup() took 0 ms.
[main] INFO org.testng.internal.Utils - [Utils] MethodGroupsHelper.sortMethods() took 0 ms.
[main] INFO org.testng.internal.Utils - [Utils] MethodGroupsHelper.collectMethodsByGroup() took 0 ms.
[main] INFO org.testng.internal.Utils - [Utils] MethodGroupsHelper.sortMethods() took 0 ms.
[main] INFO org.testng.internal.Utils - [Utils] MethodGroupsHelper.collectMethodsByGroup() took 0 ms.
[main] INFO org.testng.internal.Utils - [Utils] MethodGroupsHelper.sortMethods() took 0 ms.
[main] INFO org.testng.internal.Utils - [Utils] MethodGroupsHelper.collectMethodsByGroup() took 0 ms.
[main] INFO org.testng.internal.Utils - [Utils] MethodGroupsHelper.sortMethods() took 0 ms.
[main] INFO org.testng.internal.Utils - [Utils] MethodGroupsHelper.collectMethodsByGroup() took 0 ms.
[main] INFO org.testng.internal.Utils - [Utils] MethodGroupsHelper.sortMethods() took 0 ms.
[main] INFO org.testng.internal.Utils - [Utils] MethodGroupsHelper.collectMethodsByGroup() took 0 ms.
[main] INFO org.testng.internal.Utils - [Utils] MethodGroupsHelper.sortMethods() took 0 ms.
[main] INFO org.testng.internal.Utils - [Utils] MethodGroupsHelper.collectMethodsByGroup() took 0 ms.
[main] INFO org.testng.internal.Utils - [Utils] MethodGroupsHelper.sortMethods() took 0 ms.
[main] INFO org.testng.internal.Utils - [Utils] MethodGroupsHelper.collectMethodsByGroup() took 0 ms.
[main] INFO org.testng.internal.Utils - [Utils] MethodGroupsHelper.sortMethods() took 0 ms.
[main] INFO org.testng.internal.Utils - [Utils] MethodGroupsHelper.collectMethodsByGroup() took 0 ms.
[main] INFO org.testng.internal.Utils - [Utils] MethodGroupsHelper.sortMethods() took 0 ms.
[main] INFO org.testng.internal.Utils - [Utils] MethodGroupsHelper.collectMethodsByGroup() took 0 ms.
[main] INFO org.testng.internal.Utils - [Utils] MethodGroupsHelper.sortMethods() took 0 ms.
[main] INFO org.testng.internal.Utils - [Utils] MethodGroupsHelper.collectMethodsByGroup() took 0 ms.
[main] INFO org.testng.internal.Utils - [Utils] MethodGroupsHelper.sortMethods() took 0 ms.
[main] INFO org.testng.internal.Utils - [Utils] MethodGroupsHelper.collectMethodsByGroup() took 0 ms.
[main] INFO org.testng.internal.Utils - [Utils] MethodGroupsHelper.sortMethods() took 0 ms.
[main] INFO org.testng.internal.Utils - [Utils] MethodGroupsHelper.collectMethodsByGroup() took 0 ms.
[main] INFO org.testng.internal.Utils - [Utils] MethodGroupsHelper.sortMethods() took 0 ms.
[main] INFO org.testng.internal.Utils - [Utils] MethodGroupsHelper.collectMethodsByGroup() took 0 ms.
[main] INFO org.testng.internal.Utils - [Utils] MethodGroupsHelper.sortMethods() took 0 ms.
[main] INFO org.testng.internal.Utils - [Utils] MethodGroupsHelper.collectMethodsByGroup() took 0 ms.
[main] INFO org.testng.internal.Utils - [Utils] MethodGroupsHelper.sortMethods() took 0 ms.
[main] INFO org.testng.internal.Utils - [Utils] MethodGroupsHelper.collectMethodsByGroup() took 0 ms.
[main] INFO org.testng.internal.Utils - [Utils] MethodGroupsHelper.sortMethods() took 0 ms.
[main] INFO org.testng.internal.Utils - [Utils] MethodGroupsHelper.collectMethodsByGroup() took 0 ms.
[main] INFO org.testng.internal.Utils - [Utils] MethodGroupsHelper.sortMethods() took 0 ms.
[main] INFO org.testng.internal.Utils - [Utils] MethodGroupsHelper.collectMethodsByGroup() took 0 ms.
[main] INFO org.testng.internal.Utils - [Utils] MethodGroupsHelper.sortMethods() took 0 ms.
[main] INFO org.testng.internal.Utils - [Utils] MethodGroupsHelper.collectMethodsByGroup() took 0 ms.
[main] INFO org.testng.internal.Utils - [Utils] MethodGroupsHelper.sortMethods() took 0 ms.
[main] INFO org.testng.internal.Utils - [Utils] MethodGroupsHelper.collectMethodsByGroup() took 0 ms.
[main] INFO org.testng.internal.Utils - [Utils] MethodGroupsHelper.sortMethods() took 0 ms.
[main] INFO org.testng.internal.Utils - [Utils] MethodGroupsHelper.collectMethodsByGroup() took 1 ms.
[main] INFO org.testng.internal.Utils - [Utils] MethodGroupsHelper.sortMethods() took 1 ms.
[main] INFO org.testng.internal.Utils - [Utils] MethodGroupsHelper.collectMethodsByGroup() took 0 ms.
[main] INFO org.testng.internal.Utils - [Utils] MethodGroupsHelper.sortMethods() took 0 ms.
[main] INFO org.testng.internal.Utils - [Utils] MethodGroupsHelper.collectMethodsByGroup() took 0 ms.
[main] INFO org.testng.internal.Utils - [Utils] MethodGroupsHelper.sortMethods() took 0 ms.
[main] INFO org.testng.internal.Utils - [Utils] DynamicGraphHelper.createDynamicGraph() took 2 ms.
Starting ChromeDriver 101.0.4951.15 (0dcf182bd3881ac6567fb51e86a17ba341d19475-refs/branch-heads/4951@{#217}) on port 58914
Only local connections are allowed.
Please see https://chromedriver.chromium.org/security-considerations for suggestions on keeping ChromeDriver safe.
ChromeDriver was started successfully.
May 13, 2022 9:44:54 AM org.openqa.selenium.remote.ProtocolHandshake createSession
INFO: Detected dialect: W3C
May 13, 2022 9:44:54 AM org.openqa.selenium.devtools.CdpVersionFinder findNearestMatch
WARNING: Unable to find an exact match for CDP version 101, so returning the closest version found: 99
May 13, 2022 9:44:54 AM org.openqa.selenium.devtools.CdpVersionFinder findNearestMatch
INFO: Found CDP implementation for version 101 of 99
]]></system-err>
  </testcase>
  <testcase name="selectMultipleInvoceis" classname="testCases.FacturasPageTests" time="27.414">
    <system-out><![CDATA[- waiting for element : Shadow Element
- waiting for element : Shadow Element : to be clickable
- moving to element : Shadow Element
- clicking element : Shadow Element
- waiting fot element : UserName Field : to be visible
- sending keys : 'ametro4u+esX11@gmail.com' : to Username Field
- sending keys : 'ametro4u+esX11@gmail.com' : to Username Field
- sending keys : 'Test123!' : to Password Field
- sending keys : 'Test123!' : to Password Field
- waiting for element : Login Button : to be clickable
- waiting for element : Login Button
- waiting for element : Login Button : to be clickable
- moving to element : Login Button
- clicking element : Login Button
- waiting fot element : Search Field : to be visible
- sending keys : '054009' : to Search Field
- sending keys : '054009' : to Search Field
- waiting for element : Search Button : to be clickable
- waiting for element : Search Button
- waiting for element : Search Button : to be clickable
- moving to element : Search Button
- clicking element : Search Button
- moving to element : Select all button
- selecting checkbox: Select all button
- waiting for element : Download Button : to be clickable
- waiting for element : Download Button
- waiting for element : Download Button : to be clickable
- moving to element : Download Button
- clicking element : Download Button
]]></system-out>
    <system-err><![CDATA[Starting ChromeDriver 101.0.4951.15 (0dcf182bd3881ac6567fb51e86a17ba341d19475-refs/branch-heads/4951@{#217}) on port 49476
Only local connections are allowed.
Please see https://chromedriver.chromium.org/security-considerations for suggestions on keeping ChromeDriver safe.
ChromeDriver was started successfully.
May 13, 2022 9:45:22 AM org.openqa.selenium.remote.ProtocolHandshake createSession
INFO: Detected dialect: W3C
May 13, 2022 9:45:22 AM org.openqa.selenium.devtools.CdpVersionFinder findNearestMatch
WARNING: Unable to find an exact match for CDP version 101, so returning the closest version found: 99
May 13, 2022 9:45:22 AM org.openqa.selenium.devtools.CdpVersionFinder findNearestMatch
INFO: Found CDP implementation for version 101 of 99
]]></system-err>
  </testcase>
  <testcase name="searchByDate" classname="testCases.FacturasPageTests" time="73.088">
    <system-out><![CDATA[- waiting for element : Shadow Element
- waiting for element : Shadow Element : to be clickable
- moving to element : Shadow Element
- clicking element : Shadow Element
- waiting fot element : UserName Field : to be visible
- sending keys : 'ametro4u+esX11@gmail.com' : to Username Field
- sending keys : 'ametro4u+esX11@gmail.com' : to Username Field
- sending keys : 'Test123!' : to Password Field
- sending keys : 'Test123!' : to Password Field
- waiting for element : Login Button : to be clickable
- waiting for element : Login Button
- waiting for element : Login Button : to be clickable
- moving to element : Login Button
- clicking element : Login Button
- waiting for element : start date
- waiting for element : start date : to be clickable
- moving to element : start date
- clicking element : start date
- waiting for element : Set start date
- waiting for element : Set start date : to be clickable
- moving to element : Set start date
- clicking element : Set start date
- waiting for element : stop date
- waiting for element : stop date : to be clickable
- moving to element : stop date
- clicking element : stop date
- waiting for element : Set stop date
- waiting for element : Set stop date : to be clickable
- moving to element : Set stop date
- clicking element : Set stop date
- waiting for element : Search Button : to be clickable
- waiting for element : Search Button
- waiting for element : Search Button : to be clickable
- moving to element : Search Button
- clicking element : Search Button
- waiting fot element : Next page : to be visible
- waiting fot element : Next page : to be visible
- waiting for element : Next page
- waiting for element : Next page : to be clickable
- moving to element : Next page
- clicking element : Next page
- waiting fot element : Next page : to be visible
- waiting for element : Next page
- waiting for element : Next page : to be clickable
- moving to element : Next page
- clicking element : Next page
- waiting fot element : Next page : to be visible
- waiting for element : Next page
- waiting for element : Next page : to be clickable
- moving to element : Next page
- clicking element : Next page
- waiting fot element : Next page : to be visible
- waiting for element : Next page
- waiting for element : Next page : to be clickable
- moving to element : Next page
- clicking element : Next page
- waiting fot element : Next page : to be visible
- waiting for element : Next page
- waiting for element : Next page : to be clickable
- moving to element : Next page
- clicking element : Next page
- waiting fot element : Next page : to be visible
- waiting for element : Next page
- waiting for element : Next page : to be clickable
- moving to element : Next page
- clicking element : Next page
- waiting fot element : Next page : to be visible
- waiting for element : Next page
- waiting for element : Next page : to be clickable
- moving to element : Next page
- clicking element : Next page
- waiting fot element : Next page : to be visible
- waiting for element : Next page
- waiting for element : Next page : to be clickable
- moving to element : Next page
- clicking element : Next page
- waiting fot element : Next page : to be visible
- waiting for element : Next page
- waiting for element : Next page : to be clickable
- moving to element : Next page
- clicking element : Next page
- waiting fot element : Next page : to be visible
- waiting for element : Next page
- waiting for element : Next page : to be clickable
- moving to element : Next page
- clicking element : Next page
- waiting fot element : Next page : to be visible
- waiting for element : Next page
- waiting for element : Next page : to be clickable
- moving to element : Next page
- clicking element : Next page
- waiting fot element : Next page : to be visible
- waiting for element : Next page
- waiting for element : Next page : to be clickable
- moving to element : Next page
- clicking element : Next page
- waiting fot element : Next page : to be visible
- waiting for element : Next page
- waiting for element : Next page : to be clickable
- moving to element : Next page
- clicking element : Next page
- waiting fot element : Next page : to be visible
- waiting for element : Next page
- waiting for element : Next page : to be clickable
- moving to element : Next page
- clicking element : Next page
- waiting fot element : Next page : to be visible
- waiting for element : Next page
- waiting for element : Next page : to be clickable
- moving to element : Next page
- clicking element : Next page
- waiting fot element : Next page : to be visible
- waiting for element : Next page
- waiting for element : Next page : to be clickable
- moving to element : Next page
- clicking element : Next page
- waiting fot element : Next page : to be visible
- waiting for element : Next page
- waiting for element : Next page : to be clickable
- moving to element : Next page
- clicking element : Next page
- waiting fot element : Next page : to be visible
- waiting for element : Next page
- waiting for element : Next page : to be clickable
- moving to element : Next page
- clicking element : Next page
- waiting fot element : Next page : to be visible
- waiting for element : Next page
- waiting for element : Next page : to be clickable
- moving to element : Next page
- clicking element : Next page
- waiting fot element : Next page : to be visible
- waiting for element : Next page
- waiting for element : Next page : to be clickable
- moving to element : Next page
- clicking element : Next page
- waiting fot element : Next page : to be visible
- waiting for element : Next page
- waiting for element : Next page : to be clickable
- moving to element : Next page
- clicking element : Next page
- waiting fot element : Next page : to be visible
- waiting for element : Next page
- waiting for element : Next page : to be clickable
- moving to element : Next page
- clicking element : Next page
- waiting fot element : Next page : to be visible
- waiting for element : Next page
- waiting for element : Next page : to be clickable
- moving to element : Next page
- clicking element : Next page
- waiting fot element : Next page : to be visible
- waiting for element : Next page
- waiting for element : Next page : to be clickable
- moving to element : Next page
- clicking element : Next page
- waiting fot element : Next page : to be visible
- waiting for element : Next page
- waiting for element : Next page : to be clickable
- moving to element : Next page
- clicking element : Next page
- waiting fot element : Next page : to be visible
- waiting for element : Next page
- waiting for element : Next page : to be clickable
- moving to element : Next page
- clicking element : Next page
- waiting fot element : Next page : to be visible
- waiting for element : Next page
- waiting for element : Next page : to be clickable
- moving to element : Next page
- clicking element : Next page
- waiting fot element : Next page : to be visible
- waiting for element : Next page
- waiting for element : Next page : to be clickable
- moving to element : Next page
- clicking element : Next page
- waiting fot element : Next page : to be visible
- waiting for element : Next page
- waiting for element : Next page : to be clickable
- moving to element : Next page
- clicking element : Next page
- waiting fot element : Next page : to be visible
- waiting for element : Next page
- waiting for element : Next page : to be clickable
- moving to element : Next page
- clicking element : Next page
- waiting fot element : Next page : to be visible
- waiting for element : Next page
- waiting for element : Next page : to be clickable
- moving to element : Next page
- clicking element : Next page
- waiting fot element : Next page : to be visible
- waiting for element : Next page
- waiting for element : Next page : to be clickable
- moving to element : Next page
- clicking element : Next page
- waiting fot element : Next page : to be visible
- waiting for element : Next page
- waiting for element : Next page : to be clickable
- moving to element : Next page
- clicking element : Next page
- waiting fot element : Next page : to be visible
- waiting for element : Next page
- waiting for element : Next page : to be clickable
- moving to element : Next page
- clicking element : Next page
- waiting fot element : Next page : to be visible
- waiting for element : Next page
- waiting for element : Next page : to be clickable
- moving to element : Next page
- clicking element : Next page
- waiting fot element : Next page : to be visible
- waiting for element : Next page
- waiting for element : Next page : to be clickable
- moving to element : Next page
- clicking element : Next page
- waiting fot element : Next page : to be visible
- waiting for element : Next page
- waiting for element : Next page : to be clickable
- moving to element : Next page
- clicking element : Next page
- waiting fot element : Next page : to be visible
- waiting for element : Next page
- waiting for element : Next page : to be clickable
- moving to element : Next page
- clicking element : Next page
- waiting fot element : Next page : to be visible
- waiting for element : Next page
- waiting for element : Next page : to be clickable
- moving to element : Next page
- clicking element : Next page
- waiting fot element : Next page : to be visible
- waiting for element : Next page
- waiting for element : Next page : to be clickable
- moving to element : Next page
- clicking element : Next page
]]></system-out>
    <system-err><![CDATA[Starting ChromeDriver 101.0.4951.15 (0dcf182bd3881ac6567fb51e86a17ba341d19475-refs/branch-heads/4951@{#217}) on port 62814
Only local connections are allowed.
Please see https://chromedriver.chromium.org/security-considerations for suggestions on keeping ChromeDriver safe.
ChromeDriver was started successfully.
May 13, 2022 9:45:55 AM org.openqa.selenium.remote.ProtocolHandshake createSession
INFO: Detected dialect: W3C
May 13, 2022 9:45:55 AM org.openqa.selenium.devtools.CdpVersionFinder findNearestMatch
WARNING: Unable to find an exact match for CDP version 101, so returning the closest version found: 99
May 13, 2022 9:45:55 AM org.openqa.selenium.devtools.CdpVersionFinder findNearestMatch
INFO: Found CDP implementation for version 101 of 99
]]></system-err>
  </testcase>
  <testcase name="downloadButtonNotAvailable" classname="testCases.ResumenPageTests" time="15.067">
    <system-out><![CDATA[- waiting for element : Shadow Element
- waiting for element : Shadow Element : to be clickable
- moving to element : Shadow Element
- clicking element : Shadow Element
- waiting fot element : UserName Field : to be visible
- sending keys : 'ametro4u+esX11@gmail.com' : to Username Field
- sending keys : 'ametro4u+esX11@gmail.com' : to Username Field
- sending keys : 'Test123!' : to Password Field
- sending keys : 'Test123!' : to Password Field
- waiting for element : Login Button : to be clickable
- waiting for element : Login Button
- waiting for element : Login Button : to be clickable
- moving to element : Login Button
- clicking element : Login Button
- waiting for element : Resumen Tab
- waiting for element : Resumen Tab : to be clickable
- moving to element : Resumen Tab
- clicking element : Resumen Tab
- waiting fot element : First row : to be visible
]]></system-out>
    <system-err><![CDATA[Starting ChromeDriver 101.0.4951.15 (0dcf182bd3881ac6567fb51e86a17ba341d19475-refs/branch-heads/4951@{#217}) on port 57507
Only local connections are allowed.
Please see https://chromedriver.chromium.org/security-considerations for suggestions on keeping ChromeDriver safe.
ChromeDriver was started successfully.
May 13, 2022 9:47:12 AM org.openqa.selenium.remote.ProtocolHandshake createSession
INFO: Detected dialect: W3C
May 13, 2022 9:47:12 AM org.openqa.selenium.devtools.CdpVersionFinder findNearestMatch
WARNING: Unable to find an exact match for CDP version 101, so returning the closest version found: 99
May 13, 2022 9:47:12 AM org.openqa.selenium.devtools.CdpVersionFinder findNearestMatch
INFO: Found CDP implementation for version 101 of 99
]]></system-err>
  </testcase>
  <testcase name="downloadButtonAvailable" classname="testCases.ResumenPageTests" time="18.769">
    <system-out><![CDATA[- waiting for element : Shadow Element
- waiting for element : Shadow Element : to be clickable
- moving to element : Shadow Element
- clicking element : Shadow Element
- waiting fot element : UserName Field : to be visible
- sending keys : 'ametro4u+esX11@gmail.com' : to Username Field
- sending keys : 'ametro4u+esX11@gmail.com' : to Username Field
- sending keys : 'Test123!' : to Password Field
- sending keys : 'Test123!' : to Password Field
- waiting for element : Login Button : to be clickable
- waiting for element : Login Button
- waiting for element : Login Button : to be clickable
- moving to element : Login Button
- clicking element : Login Button
- waiting for element : Resumen Tab
- waiting for element : Resumen Tab : to be clickable
- moving to element : Resumen Tab
- clicking element : Resumen Tab
- waiting fot element : Row : to be visible
- waiting for element : Download button : to be clickable
- waiting for element : Download button
- waiting for element : Download button : to be clickable
- moving to element : Download button
- clicking element : Download button
]]></system-out>
    <system-err><![CDATA[Starting ChromeDriver 101.0.4951.15 (0dcf182bd3881ac6567fb51e86a17ba341d19475-refs/branch-heads/4951@{#217}) on port 63995
Only local connections are allowed.
Please see https://chromedriver.chromium.org/security-considerations for suggestions on keeping ChromeDriver safe.
ChromeDriver was started successfully.
May 13, 2022 9:47:32 AM org.openqa.selenium.remote.ProtocolHandshake createSession
INFO: Detected dialect: W3C
May 13, 2022 9:47:32 AM org.openqa.selenium.devtools.CdpVersionFinder findNearestMatch
WARNING: Unable to find an exact match for CDP version 101, so returning the closest version found: 99
May 13, 2022 9:47:32 AM org.openqa.selenium.devtools.CdpVersionFinder findNearestMatch
INFO: Found CDP implementation for version 101 of 99
]]></system-err>
  </testcase>
  <testcase name="checkSaveButton" classname="testCases.AjustesPageTests" time="13.708">
    <system-out><![CDATA[- waiting for element : Shadow Element
- waiting for element : Shadow Element : to be clickable
- moving to element : Shadow Element
- clicking element : Shadow Element
- waiting fot element : UserName Field : to be visible
- sending keys : 'ametro4u+esX11@gmail.com' : to Username Field
- sending keys : 'ametro4u+esX11@gmail.com' : to Username Field
- sending keys : 'Test123!' : to Password Field
- sending keys : 'Test123!' : to Password Field
- waiting for element : Login Button : to be clickable
- waiting for element : Login Button
- waiting for element : Login Button : to be clickable
- moving to element : Login Button
- clicking element : Login Button
- waiting for element : Ajustes tab
- waiting for element : Ajustes tab : to be clickable
- moving to element : Ajustes tab
- clicking element : Ajustes tab
- waiting fot element : Invoice text : to be visible
- waiting fot element : Email text : to be visible
- moving to element : Email checkbox
- selecting checkbox: Email checkbox
- waiting for element : Save button : to be clickable
- waiting for element : Save button
- waiting for element : Save button : to be clickable
- moving to element : Save button
- clicking element : Save button
- waiting fot element : Email text : to be visible
]]></system-out>
    <system-err><![CDATA[Starting ChromeDriver 101.0.4951.15 (0dcf182bd3881ac6567fb51e86a17ba341d19475-refs/branch-heads/4951@{#217}) on port 63670
Only local connections are allowed.
Please see https://chromedriver.chromium.org/security-considerations for suggestions on keeping ChromeDriver safe.
ChromeDriver was started successfully.
May 13, 2022 9:47:56 AM org.openqa.selenium.remote.ProtocolHandshake createSession
INFO: Detected dialect: W3C
May 13, 2022 9:47:56 AM org.openqa.selenium.devtools.CdpVersionFinder findNearestMatch
WARNING: Unable to find an exact match for CDP version 101, so returning the closest version found: 99
May 13, 2022 9:47:56 AM org.openqa.selenium.devtools.CdpVersionFinder findNearestMatch
INFO: Found CDP implementation for version 101 of 99
]]></system-err>
  </testcase>
  <testcase name="checkCancelButton" classname="testCases.AjustesPageTests" time="14.514">
    <system-out><![CDATA[- waiting for element : Shadow Element
- waiting for element : Shadow Element : to be clickable
- moving to element : Shadow Element
- clicking element : Shadow Element
- waiting fot element : UserName Field : to be visible
- sending keys : 'ametro4u+esX11@gmail.com' : to Username Field
- sending keys : 'ametro4u+esX11@gmail.com' : to Username Field
- sending keys : 'Test123!' : to Password Field
- sending keys : 'Test123!' : to Password Field
- waiting for element : Login Button : to be clickable
- waiting for element : Login Button
- waiting for element : Login Button : to be clickable
- moving to element : Login Button
- clicking element : Login Button
- waiting for element : Ajustes tab
- waiting for element : Ajustes tab : to be clickable
- moving to element : Ajustes tab
- clicking element : Ajustes tab
- waiting fot element : Invoice text : to be visible
- waiting fot element : Invoice text : to be visible
- moving to element : Digital invoice checkbox
- selecting checkbox: Digital invoice checkbox
- waiting for element : Cancel button : to be clickable
- waiting for element : Cancel Button
- waiting for element : Cancel Button : to be clickable
- moving to element : Cancel Button
- clicking element : Cancel Button
- waiting for element : Ajustes tab
- waiting for element : Ajustes tab : to be clickable
- moving to element : Ajustes tab
- clicking element : Ajustes tab
- waiting fot element : Invoice text : to be visible
- waiting fot element : Invoice text : to be visible
]]></system-out>
    <system-err><![CDATA[Starting ChromeDriver 101.0.4951.15 (0dcf182bd3881ac6567fb51e86a17ba341d19475-refs/branch-heads/4951@{#217}) on port 56583
Only local connections are allowed.
Please see https://chromedriver.chromium.org/security-considerations for suggestions on keeping ChromeDriver safe.
ChromeDriver was started successfully.
May 13, 2022 9:48:15 AM org.openqa.selenium.remote.ProtocolHandshake createSession
INFO: Detected dialect: W3C
May 13, 2022 9:48:15 AM org.openqa.selenium.devtools.CdpVersionFinder findNearestMatch
WARNING: Unable to find an exact match for CDP version 101, so returning the closest version found: 99
May 13, 2022 9:48:15 AM org.openqa.selenium.devtools.CdpVersionFinder findNearestMatch
INFO: Found CDP implementation for version 101 of 99
]]></system-err>
  </testcase>
</testsuite>